c:\users\koppa dani\downloads\grafikahazicsomag (2)\grafikahazicsomag\programs\skeleton\skeleton\release\vc143.pdb
c:\users\koppa dani\downloads\grafikahazicsomag (2)\grafikahazicsomag\programs\skeleton\skeleton\release\skeleton.obj
c:\users\koppa dani\downloads\grafikahazicsomag (2)\grafikahazicsomag\programs\skeleton\skeleton\release\framework.obj
e:\egyetem\grafika\grafikahazicsomag\programs\skeleton\skeleton\release\vc143.pdb
e:\egyetem\grafika\grafikahazicsomag\programs\skeleton\skeleton\release\skeleton.obj
e:\egyetem\grafika\grafikahazicsomag\programs\skeleton\skeleton\release\framework.obj
c:\users\koppa dani\downloads\grafikahazicsomag (2)\grafikahazicsomag\programs\skeleton\bin\skeleton.exe
c:\users\koppa dani\downloads\grafikahazicsomag (2)\grafikahazicsomag\programs\skeleton\skeleton\release\skeleton.ipdb
c:\users\koppa dani\downloads\grafikahazicsomag (2)\grafikahazicsomag\programs\skeleton\skeleton\release\skeleton.iobj
c:\users\koppa dani\downloads\grafikahazicsomag (2)\grafikahazicsomag\programs\skeleton\bin\skeleton.pdb
e:\egyetem\grafika\grafikahazicsomag\programs\skeleton\bin\skeleton.exe
e:\egyetem\grafika\grafikahazicsomag\programs\skeleton\skeleton\release\skeleton.iobj
e:\egyetem\grafika\grafikahazicsomag\programs\skeleton\bin\skeleton.pdb
d:\3dprograms\grafikahazicsomag\programs\skeleton\bin\skeleton.ipdb
d:\3dprograms\grafikahazicsomag\programs\skeleton\bin\skeleton.iobj
c:\users\koppa dani\downloads\grafikahazicsomag (2)\grafikahazicsomag\programs\skeleton\bin\skeleton.ipdb
c:\users\koppa dani\downloads\grafikahazicsomag (2)\grafikahazicsomag\programs\skeleton\bin\skeleton.iobj
e:\egyetem\grafika\grafikahazicsomag\programs\skeleton\bin\skeleton.ipdb
e:\egyetem\grafika\grafikahazicsomag\programs\skeleton\bin\skeleton.iobj
e:\egyetem\grafika\grafikahazicsomag\programs\skeleton\skeleton\release\skeleton.ipdb
e:\egyetem\grafika\grafikahazicsomag\programs\skeleton\skeleton\release\vc120.pdb
e:\egyetem\grafika\grafikahazicsomag\programs\skeleton\skeleton\release\vc141.pdb
e:\egyetem\grafika\grafikahazicsomag\programs\skeleton\skeleton\release\skeleton.tlog\cl.command.1.tlog
e:\egyetem\grafika\grafikahazicsomag\programs\skeleton\skeleton\release\skeleton.tlog\cl.read.1.tlog
e:\egyetem\grafika\grafikahazicsomag\programs\skeleton\skeleton\release\skeleton.tlog\cl.write.1.tlog
e:\egyetem\grafika\grafikahazicsomag\programs\skeleton\skeleton\release\skeleton.tlog\link.command.1.tlog
e:\egyetem\grafika\grafikahazicsomag\programs\skeleton\skeleton\release\skeleton.tlog\link.read.1.tlog
e:\egyetem\grafika\grafikahazicsomag\programs\skeleton\skeleton\release\skeleton.tlog\link.write.1.tlog
e:\egyetem\grafika\grafikahazicsomag\programs\skeleton\skeleton\release\skeleton.tlog\skeleton.write.1u.tlog
